<?xml version="1.0" encoding="UTF-8"?>
<testsuite name="shell-log-test.TestSuite 1" tests="5" failures="2" errors="0" time="0.857"><properties>
[...]
</properties><testcase name="TestCase 1" time="0.429"/><testcase name="TestCase 2" time="0.114"/><testcase name="TestCase 3" time="0.118"><failure type="Cancelling due to failed test step" message="Cancelling due to failed test step"><![CDATA[<h3><b>GroovyScript2 Failed</b></h3><pre>Assertion failed: 

assert pExitValue == 0
       |          |
       1          false

error at line: 31
</pre><hr/>]]></failure></testcase><testcase name="TestCase 4" time="0.105"><failure type="Cancelling due to failed test step" message="Cancelling due to failed test step"><![CDATA[<h3><b>GroovyScript2 Failed</b></h3><pre>Assertion failed: 

assert pExitValue == 0
       |          |
       1          false

error at line: 31
</pre><hr/>]]></failure></testcase><testcase name="TestCase 5" time="0.091"/></testsuite>